/Users/michaeltiburcio/Hack4Humanity/server.py:235: DeprecationWarning: 
        on_event is deprecated, use lifespan event handlers instead.

        Read more about it in the
        [FastAPI docs for Lifespan Events](https://fastapi.tiangolo.com/advanced/events/).
        
  @app.on_event("startup")
Task exception was never retrieved
future: <Task finished name='Task-5319' coro=<process_frame() done, defined at /Users/michaeltiburcio/Hack4Humanity/server.py:142> exception=ClientError("403 PERMISSION_DENIED. {'error': {'code': 403, 'message': 'Your API key was reported as leaked. Please use another API key.', 'status': 'PERMISSION_DENIED'}}")>
Traceback (most recent call last):
  File "/Users/michaeltiburcio/Hack4Humanity/server.py", line 174, in process_frame
    description = await loop.run_in_executor(
                  ^^^^^^^^^^^^^^^^^^^^^^^^^^^
  File "/opt/homebrew/Cellar/python@3.12/3.12.12/Frameworks/Python.framework/Versions/3.12/lib/python3.12/concurrent/futures/thread.py", line 59, in run
    result = self.fn(*self.args, **self.kwargs)
             ^^^^^^^^^^^^^^^^^^^^^^^^^^^^^^^^^^
  File "/Users/michaeltiburcio/Hack4Humanity/vision.py", line 94, in describe_gemini
    response = client.models.generate_content(
               ^^^^^^^^^^^^^^^^^^^^^^^^^^^^^^^
  File "/Users/michaeltiburcio/Hack4Humanity/.venv/lib/python3.12/site-packages/google/genai/models.py", line 5644, in generate_content
    response = self._generate_content(
               ^^^^^^^^^^^^^^^^^^^^^^^
  File "/Users/michaeltiburcio/Hack4Humanity/.venv/lib/python3.12/site-packages/google/genai/models.py", line 4306, in _generate_content
    response = self._api_client.request(
               ^^^^^^^^^^^^^^^^^^^^^^^^^
  File "/Users/michaeltiburcio/Hack4Humanity/.venv/lib/python3.12/site-packages/google/genai/_api_client.py", line 1401, in request
    response = self._request(http_request, http_options, stream=False)
               ^^^^^^^^^^^^^^^^^^^^^^^^^^^^^^^^^^^^^^^^^^^^^^^^^^^^^^^
  File "/Users/michaeltiburcio/Hack4Humanity/.venv/lib/python3.12/site-packages/google/genai/_api_client.py", line 1237, in _request
    return self._retry(self._request_once, http_request, stream)  # type: ignore[no-any-return]
           ^^^^^^^^^^^^^^^^^^^^^^^^^^^^^^^^^^^^^^^^^^^^^^^^^^^^^
  File "/Users/michaeltiburcio/Hack4Humanity/.venv/lib/python3.12/site-packages/tenacity/__init__.py", line 470, in __call__
    do = self.iter(retry_state=retry_state)
         ^^^^^^^^^^^^^^^^^^^^^^^^^^^^^^^^^^
  File "/Users/michaeltiburcio/Hack4Humanity/.venv/lib/python3.12/site-packages/tenacity/__init__.py", line 371, in iter
    result = action(retry_state)
             ^^^^^^^^^^^^^^^^^^^
  File "/Users/michaeltiburcio/Hack4Humanity/.venv/lib/python3.12/site-packages/tenacity/__init__.py", line 413, in exc_check
    raise retry_exc.reraise()
          ^^^^^^^^^^^^^^^^^^^
  File "/Users/michaeltiburcio/Hack4Humanity/.venv/lib/python3.12/site-packages/tenacity/__init__.py", line 184, in reraise
    raise self.last_attempt.result()
          ^^^^^^^^^^^^^^^^^^^^^^^^^^
  File "/opt/homebrew/Cellar/python@3.12/3.12.12/Frameworks/Python.framework/Versions/3.12/lib/python3.12/concurrent/futures/_base.py", line 449, in result
    return self.__get_result()
           ^^^^^^^^^^^^^^^^^^^
  File "/opt/homebrew/Cellar/python@3.12/3.12.12/Frameworks/Python.framework/Versions/3.12/lib/python3.12/concurrent/futures/_base.py", line 401, in __get_result
    raise self._exception
  File "/Users/michaeltiburcio/Hack4Humanity/.venv/lib/python3.12/site-packages/tenacity/__init__.py", line 473, in __call__
    result = fn(*args, **kwargs)
             ^^^^^^^^^^^^^^^^^^^
  File "/Users/michaeltiburcio/Hack4Humanity/.venv/lib/python3.12/site-packages/google/genai/_api_client.py", line 1214, in _request_once
    errors.APIError.raise_for_response(response)
  File "/Users/michaeltiburcio/Hack4Humanity/.venv/lib/python3.12/site-packages/google/genai/errors.py", line 134, in raise_for_response
    cls.raise_error(response.status_code, response_json, response)
  File "/Users/michaeltiburcio/Hack4Humanity/.venv/lib/python3.12/site-packages/google/genai/errors.py", line 159, in raise_error
    raise ClientError(status_code, response_json, response)
google.genai.errors.ClientError: 403 PERMISSION_DENIED. {'error': {'code': 403, 'message': 'Your API key was reported as leaked. Please use another API key.', 'status': 'PERMISSION_DENIED'}}
Task exception was never retrieved
future: <Task finished name='Task-5337' coro=<process_frame() done, defined at /Users/michaeltiburcio/Hack4Humanity/server.py:142> exception=ClientError("403 PERMISSION_DENIED. {'error': {'code': 403, 'message': 'Your API key was reported as leaked. Please use another API key.', 'status': 'PERMISSION_DENIED'}}")>
Traceback (most recent call last):
  File "/Users/michaeltiburcio/Hack4Humanity/server.py", line 174, in process_frame
    description = await loop.run_in_executor(
                  ^^^^^^^^^^^^^^^^^^^^^^^^^^^
  File "/opt/homebrew/Cellar/python@3.12/3.12.12/Frameworks/Python.framework/Versions/3.12/lib/python3.12/concurrent/futures/thread.py", line 59, in run
    result = self.fn(*self.args, **self.kwargs)
             ^^^^^^^^^^^^^^^^^^^^^^^^^^^^^^^^^^
  File "/Users/michaeltiburcio/Hack4Humanity/vision.py", line 94, in describe_gemini
    response = client.models.generate_content(
               ^^^^^^^^^^^^^^^^^^^^^^^^^^^^^^^
  File "/Users/michaeltiburcio/Hack4Humanity/.venv/lib/python3.12/site-packages/google/genai/models.py", line 5644, in generate_content
    response = self._generate_content(
               ^^^^^^^^^^^^^^^^^^^^^^^
  File "/Users/michaeltiburcio/Hack4Humanity/.venv/lib/python3.12/site-packages/google/genai/models.py", line 4306, in _generate_content
    response = self._api_client.request(
               ^^^^^^^^^^^^^^^^^^^^^^^^^
  File "/Users/michaeltiburcio/Hack4Humanity/.venv/lib/python3.12/site-packages/google/genai/_api_client.py", line 1401, in request
    response = self._request(http_request, http_options, stream=False)
               ^^^^^^^^^^^^^^^^^^^^^^^^^^^^^^^^^^^^^^^^^^^^^^^^^^^^^^^
  File "/Users/michaeltiburcio/Hack4Humanity/.venv/lib/python3.12/site-packages/google/genai/_api_client.py", line 1237, in _request
    return self._retry(self._request_once, http_request, stream)  # type: ignore[no-any-return]
           ^^^^^^^^^^^^^^^^^^^^^^^^^^^^^^^^^^^^^^^^^^^^^^^^^^^^^
  File "/Users/michaeltiburcio/Hack4Humanity/.venv/lib/python3.12/site-packages/tenacity/__init__.py", line 470, in __call__
    do = self.iter(retry_state=retry_state)
         ^^^^^^^^^^^^^^^^^^^^^^^^^^^^^^^^^^
  File "/Users/michaeltiburcio/Hack4Humanity/.venv/lib/python3.12/site-packages/tenacity/__init__.py", line 371, in iter
    result = action(retry_state)
             ^^^^^^^^^^^^^^^^^^^
  File "/Users/michaeltiburcio/Hack4Humanity/.venv/lib/python3.12/site-packages/tenacity/__init__.py", line 413, in exc_check
    raise retry_exc.reraise()
          ^^^^^^^^^^^^^^^^^^^
  File "/Users/michaeltiburcio/Hack4Humanity/.venv/lib/python3.12/site-packages/tenacity/__init__.py", line 184, in reraise
    raise self.last_attempt.result()
          ^^^^^^^^^^^^^^^^^^^^^^^^^^
  File "/opt/homebrew/Cellar/python@3.12/3.12.12/Frameworks/Python.framework/Versions/3.12/lib/python3.12/concurrent/futures/_base.py", line 449, in result
    return self.__get_result()
           ^^^^^^^^^^^^^^^^^^^
  File "/opt/homebrew/Cellar/python@3.12/3.12.12/Frameworks/Python.framework/Versions/3.12/lib/python3.12/concurrent/futures/_base.py", line 401, in __get_result
    raise self._exception
  File "/Users/michaeltiburcio/Hack4Humanity/.venv/lib/python3.12/site-packages/tenacity/__init__.py", line 473, in __call__
    result = fn(*args, **kwargs)
             ^^^^^^^^^^^^^^^^^^^
  File "/Users/michaeltiburcio/Hack4Humanity/.venv/lib/python3.12/site-packages/google/genai/_api_client.py", line 1214, in _request_once
    errors.APIError.raise_for_response(response)
  File "/Users/michaeltiburcio/Hack4Humanity/.venv/lib/python3.12/site-packages/google/genai/errors.py", line 134, in raise_for_response
    cls.raise_error(response.status_code, response_json, response)
  File "/Users/michaeltiburcio/Hack4Humanity/.venv/lib/python3.12/site-packages/google/genai/errors.py", line 159, in raise_error
    raise ClientError(status_code, response_json, response)
google.genai.errors.ClientError: 403 PERMISSION_DENIED. {'error': {'code': 403, 'message': 'Your API key was reported as leaked. Please use another API key.', 'status': 'PERMISSION_DENIED'}}
Task exception was never retrieved
future: <Task finished name='Task-5344' coro=<process_frame() done, defined at /Users/michaeltiburcio/Hack4Humanity/server.py:142> exception=ClientError("403 PERMISSION_DENIED. {'error': {'code': 403, 'message': 'Your API key was reported as leaked. Please use another API key.', 'status': 'PERMISSION_DENIED'}}")>
Traceback (most recent call last):
  File "/Users/michaeltiburcio/Hack4Humanity/server.py", line 174, in process_frame
    description = await loop.run_in_executor(
                  ^^^^^^^^^^^^^^^^^^^^^^^^^^^
  File "/opt/homebrew/Cellar/python@3.12/3.12.12/Frameworks/Python.framework/Versions/3.12/lib/python3.12/concurrent/futures/thread.py", line 59, in run
    result = self.fn(*self.args, **self.kwargs)
             ^^^^^^^^^^^^^^^^^^^^^^^^^^^^^^^^^^
  File "/Users/michaeltiburcio/Hack4Humanity/vision.py", line 94, in describe_gemini
    response = client.models.generate_content(
               ^^^^^^^^^^^^^^^^^^^^^^^^^^^^^^^
  File "/Users/michaeltiburcio/Hack4Humanity/.venv/lib/python3.12/site-packages/google/genai/models.py", line 5644, in generate_content
    response = self._generate_content(
               ^^^^^^^^^^^^^^^^^^^^^^^
  File "/Users/michaeltiburcio/Hack4Humanity/.venv/lib/python3.12/site-packages/google/genai/models.py", line 4306, in _generate_content
    response = self._api_client.request(
               ^^^^^^^^^^^^^^^^^^^^^^^^^
  File "/Users/michaeltiburcio/Hack4Humanity/.venv/lib/python3.12/site-packages/google/genai/_api_client.py", line 1401, in request
    response = self._request(http_request, http_options, stream=False)
               ^^^^^^^^^^^^^^^^^^^^^^^^^^^^^^^^^^^^^^^^^^^^^^^^^^^^^^^
  File "/Users/michaeltiburcio/Hack4Humanity/.venv/lib/python3.12/site-packages/google/genai/_api_client.py", line 1237, in _request
    return self._retry(self._request_once, http_request, stream)  # type: ignore[no-any-return]
           ^^^^^^^^^^^^^^^^^^^^^^^^^^^^^^^^^^^^^^^^^^^^^^^^^^^^^
  File "/Users/michaeltiburcio/Hack4Humanity/.venv/lib/python3.12/site-packages/tenacity/__init__.py", line 470, in __call__
    do = self.iter(retry_state=retry_state)
         ^^^^^^^^^^^^^^^^^^^^^^^^^^^^^^^^^^
  File "/Users/michaeltiburcio/Hack4Humanity/.venv/lib/python3.12/site-packages/tenacity/__init__.py", line 371, in iter
    result = action(retry_state)
             ^^^^^^^^^^^^^^^^^^^
  File "/Users/michaeltiburcio/Hack4Humanity/.venv/lib/python3.12/site-packages/tenacity/__init__.py", line 413, in exc_check
    raise retry_exc.reraise()
          ^^^^^^^^^^^^^^^^^^^
  File "/Users/michaeltiburcio/Hack4Humanity/.venv/lib/python3.12/site-packages/tenacity/__init__.py", line 184, in reraise
    raise self.last_attempt.result()
          ^^^^^^^^^^^^^^^^^^^^^^^^^^
  File "/opt/homebrew/Cellar/python@3.12/3.12.12/Frameworks/Python.framework/Versions/3.12/lib/python3.12/concurrent/futures/_base.py", line 449, in result
    return self.__get_result()
           ^^^^^^^^^^^^^^^^^^^
  File "/opt/homebrew/Cellar/python@3.12/3.12.12/Frameworks/Python.framework/Versions/3.12/lib/python3.12/concurrent/futures/_base.py", line 401, in __get_result
    raise self._exception
  File "/Users/michaeltiburcio/Hack4Humanity/.venv/lib/python3.12/site-packages/tenacity/__init__.py", line 473, in __call__
    result = fn(*args, **kwargs)
             ^^^^^^^^^^^^^^^^^^^
  File "/Users/michaeltiburcio/Hack4Humanity/.venv/lib/python3.12/site-packages/google/genai/_api_client.py", line 1214, in _request_once
    errors.APIError.raise_for_response(response)
  File "/Users/michaeltiburcio/Hack4Humanity/.venv/lib/python3.12/site-packages/google/genai/errors.py", line 134, in raise_for_response
    cls.raise_error(response.status_code, response_json, response)
  File "/Users/michaeltiburcio/Hack4Humanity/.venv/lib/python3.12/site-packages/google/genai/errors.py", line 159, in raise_error
    raise ClientError(status_code, response_json, response)
google.genai.errors.ClientError: 403 PERMISSION_DENIED. {'error': {'code': 403, 'message': 'Your API key was reported as leaked. Please use another API key.', 'status': 'PERMISSION_DENIED'}}
Task exception was never retrieved
future: <Task finished name='Task-5348' coro=<process_frame() done, defined at /Users/michaeltiburcio/Hack4Humanity/server.py:142> exception=ClientError("403 PERMISSION_DENIED. {'error': {'code': 403, 'message': 'Your API key was reported as leaked. Please use another API key.', 'status': 'PERMISSION_DENIED'}}")>
Traceback (most recent call last):
  File "/Users/michaeltiburcio/Hack4Humanity/server.py", line 174, in process_frame
    description = await loop.run_in_executor(
                  ^^^^^^^^^^^^^^^^^^^^^^^^^^^
  File "/opt/homebrew/Cellar/python@3.12/3.12.12/Frameworks/Python.framework/Versions/3.12/lib/python3.12/concurrent/futures/thread.py", line 59, in run
    result = self.fn(*self.args, **self.kwargs)
             ^^^^^^^^^^^^^^^^^^^^^^^^^^^^^^^^^^
  File "/Users/michaeltiburcio/Hack4Humanity/vision.py", line 94, in describe_gemini
    response = client.models.generate_content(
               ^^^^^^^^^^^^^^^^^^^^^^^^^^^^^^^
  File "/Users/michaeltiburcio/Hack4Humanity/.venv/lib/python3.12/site-packages/google/genai/models.py", line 5644, in generate_content
    response = self._generate_content(
               ^^^^^^^^^^^^^^^^^^^^^^^
  File "/Users/michaeltiburcio/Hack4Humanity/.venv/lib/python3.12/site-packages/google/genai/models.py", line 4306, in _generate_content
    response = self._api_client.request(
               ^^^^^^^^^^^^^^^^^^^^^^^^^
  File "/Users/michaeltiburcio/Hack4Humanity/.venv/lib/python3.12/site-packages/google/genai/_api_client.py", line 1401, in request
    response = self._request(http_request, http_options, stream=False)
               ^^^^^^^^^^^^^^^^^^^^^^^^^^^^^^^^^^^^^^^^^^^^^^^^^^^^^^^
  File "/Users/michaeltiburcio/Hack4Humanity/.venv/lib/python3.12/site-packages/google/genai/_api_client.py", line 1237, in _request
    return self._retry(self._request_once, http_request, stream)  # type: ignore[no-any-return]
           ^^^^^^^^^^^^^^^^^^^^^^^^^^^^^^^^^^^^^^^^^^^^^^^^^^^^^
  File "/Users/michaeltiburcio/Hack4Humanity/.venv/lib/python3.12/site-packages/tenacity/__init__.py", line 470, in __call__
    do = self.iter(retry_state=retry_state)
         ^^^^^^^^^^^^^^^^^^^^^^^^^^^^^^^^^^
  File "/Users/michaeltiburcio/Hack4Humanity/.venv/lib/python3.12/site-packages/tenacity/__init__.py", line 371, in iter
    result = action(retry_state)
             ^^^^^^^^^^^^^^^^^^^
  File "/Users/michaeltiburcio/Hack4Humanity/.venv/lib/python3.12/site-packages/tenacity/__init__.py", line 413, in exc_check
    raise retry_exc.reraise()
          ^^^^^^^^^^^^^^^^^^^
  File "/Users/michaeltiburcio/Hack4Humanity/.venv/lib/python3.12/site-packages/tenacity/__init__.py", line 184, in reraise
    raise self.last_attempt.result()
          ^^^^^^^^^^^^^^^^^^^^^^^^^^
  File "/opt/homebrew/Cellar/python@3.12/3.12.12/Frameworks/Python.framework/Versions/3.12/lib/python3.12/concurrent/futures/_base.py", line 449, in result
    return self.__get_result()
           ^^^^^^^^^^^^^^^^^^^
  File "/opt/homebrew/Cellar/python@3.12/3.12.12/Frameworks/Python.framework/Versions/3.12/lib/python3.12/concurrent/futures/_base.py", line 401, in __get_result
    raise self._exception
  File "/Users/michaeltiburcio/Hack4Humanity/.venv/lib/python3.12/site-packages/tenacity/__init__.py", line 473, in __call__
    result = fn(*args, **kwargs)
             ^^^^^^^^^^^^^^^^^^^
  File "/Users/michaeltiburcio/Hack4Humanity/.venv/lib/python3.12/site-packages/google/genai/_api_client.py", line 1214, in _request_once
    errors.APIError.raise_for_response(response)
  File "/Users/michaeltiburcio/Hack4Humanity/.venv/lib/python3.12/site-packages/google/genai/errors.py", line 134, in raise_for_response
    cls.raise_error(response.status_code, response_json, response)
  File "/Users/michaeltiburcio/Hack4Humanity/.venv/lib/python3.12/site-packages/google/genai/errors.py", line 159, in raise_error
    raise ClientError(status_code, response_json, response)
google.genai.errors.ClientError: 403 PERMISSION_DENIED. {'error': {'code': 403, 'message': 'Your API key was reported as leaked. Please use another API key.', 'status': 'PERMISSION_DENIED'}}
Task exception was never retrieved
future: <Task finished name='Task-5366' coro=<process_frame() done, defined at /Users/michaeltiburcio/Hack4Humanity/server.py:142> exception=ClientError("403 PERMISSION_DENIED. {'error': {'code': 403, 'message': 'Your API key was reported as leaked. Please use another API key.', 'status': 'PERMISSION_DENIED'}}")>
Traceback (most recent call last):
  File "/Users/michaeltiburcio/Hack4Humanity/server.py", line 174, in process_frame
    description = await loop.run_in_executor(
                  ^^^^^^^^^^^^^^^^^^^^^^^^^^^
  File "/opt/homebrew/Cellar/python@3.12/3.12.12/Frameworks/Python.framework/Versions/3.12/lib/python3.12/concurrent/futures/thread.py", line 59, in run
    result = self.fn(*self.args, **self.kwargs)
             ^^^^^^^^^^^^^^^^^^^^^^^^^^^^^^^^^^
  File "/Users/michaeltiburcio/Hack4Humanity/vision.py", line 94, in describe_gemini
    response = client.models.generate_content(
               ^^^^^^^^^^^^^^^^^^^^^^^^^^^^^^^
  File "/Users/michaeltiburcio/Hack4Humanity/.venv/lib/python3.12/site-packages/google/genai/models.py", line 5644, in generate_content
    response = self._generate_content(
               ^^^^^^^^^^^^^^^^^^^^^^^
  File "/Users/michaeltiburcio/Hack4Humanity/.venv/lib/python3.12/site-packages/google/genai/models.py", line 4306, in _generate_content
    response = self._api_client.request(
               ^^^^^^^^^^^^^^^^^^^^^^^^^
  File "/Users/michaeltiburcio/Hack4Humanity/.venv/lib/python3.12/site-packages/google/genai/_api_client.py", line 1401, in request
    response = self._request(http_request, http_options, stream=False)
               ^^^^^^^^^^^^^^^^^^^^^^^^^^^^^^^^^^^^^^^^^^^^^^^^^^^^^^^
  File "/Users/michaeltiburcio/Hack4Humanity/.venv/lib/python3.12/site-packages/google/genai/_api_client.py", line 1237, in _request
    return self._retry(self._request_once, http_request, stream)  # type: ignore[no-any-return]
           ^^^^^^^^^^^^^^^^^^^^^^^^^^^^^^^^^^^^^^^^^^^^^^^^^^^^^
  File "/Users/michaeltiburcio/Hack4Humanity/.venv/lib/python3.12/site-packages/tenacity/__init__.py", line 470, in __call__
    do = self.iter(retry_state=retry_state)
         ^^^^^^^^^^^^^^^^^^^^^^^^^^^^^^^^^^
  File "/Users/michaeltiburcio/Hack4Humanity/.venv/lib/python3.12/site-packages/tenacity/__init__.py", line 371, in iter
    result = action(retry_state)
             ^^^^^^^^^^^^^^^^^^^
  File "/Users/michaeltiburcio/Hack4Humanity/.venv/lib/python3.12/site-packages/tenacity/__init__.py", line 413, in exc_check
    raise retry_exc.reraise()
          ^^^^^^^^^^^^^^^^^^^
  File "/Users/michaeltiburcio/Hack4Humanity/.venv/lib/python3.12/site-packages/tenacity/__init__.py", line 184, in reraise
    raise self.last_attempt.result()
          ^^^^^^^^^^^^^^^^^^^^^^^^^^
  File "/opt/homebrew/Cellar/python@3.12/3.12.12/Frameworks/Python.framework/Versions/3.12/lib/python3.12/concurrent/futures/_base.py", line 449, in result
    return self.__get_result()
           ^^^^^^^^^^^^^^^^^^^
  File "/opt/homebrew/Cellar/python@3.12/3.12.12/Frameworks/Python.framework/Versions/3.12/lib/python3.12/concurrent/futures/_base.py", line 401, in __get_result
    raise self._exception
  File "/Users/michaeltiburcio/Hack4Humanity/.venv/lib/python3.12/site-packages/tenacity/__init__.py", line 473, in __call__
    result = fn(*args, **kwargs)
             ^^^^^^^^^^^^^^^^^^^
  File "/Users/michaeltiburcio/Hack4Humanity/.venv/lib/python3.12/site-packages/google/genai/_api_client.py", line 1214, in _request_once
    errors.APIError.raise_for_response(response)
  File "/Users/michaeltiburcio/Hack4Humanity/.venv/lib/python3.12/site-packages/google/genai/errors.py", line 134, in raise_for_response
    cls.raise_error(response.status_code, response_json, response)
  File "/Users/michaeltiburcio/Hack4Humanity/.venv/lib/python3.12/site-packages/google/genai/errors.py", line 159, in raise_error
    raise ClientError(status_code, response_json, response)
google.genai.errors.ClientError: 403 PERMISSION_DENIED. {'error': {'code': 403, 'message': 'Your API key was reported as leaked. Please use another API key.', 'status': 'PERMISSION_DENIED'}}
Task exception was never retrieved
future: <Task finished name='Task-5371' coro=<process_frame() done, defined at /Users/michaeltiburcio/Hack4Humanity/server.py:142> exception=ClientError("403 PERMISSION_DENIED. {'error': {'code': 403, 'message': 'Your API key was reported as leaked. Please use another API key.', 'status': 'PERMISSION_DENIED'}}")>
Traceback (most recent call last):
  File "/Users/michaeltiburcio/Hack4Humanity/server.py", line 174, in process_frame
    description = await loop.run_in_executor(
                  ^^^^^^^^^^^^^^^^^^^^^^^^^^^
  File "/opt/homebrew/Cellar/python@3.12/3.12.12/Frameworks/Python.framework/Versions/3.12/lib/python3.12/concurrent/futures/thread.py", line 59, in run
    result = self.fn(*self.args, **self.kwargs)
             ^^^^^^^^^^^^^^^^^^^^^^^^^^^^^^^^^^
  File "/Users/michaeltiburcio/Hack4Humanity/vision.py", line 94, in describe_gemini
    response = client.models.generate_content(
               ^^^^^^^^^^^^^^^^^^^^^^^^^^^^^^^
  File "/Users/michaeltiburcio/Hack4Humanity/.venv/lib/python3.12/site-packages/google/genai/models.py", line 5644, in generate_content
    response = self._generate_content(
               ^^^^^^^^^^^^^^^^^^^^^^^
  File "/Users/michaeltiburcio/Hack4Humanity/.venv/lib/python3.12/site-packages/google/genai/models.py", line 4306, in _generate_content
    response = self._api_client.request(
               ^^^^^^^^^^^^^^^^^^^^^^^^^
  File "/Users/michaeltiburcio/Hack4Humanity/.venv/lib/python3.12/site-packages/google/genai/_api_client.py", line 1401, in request
    response = self._request(http_request, http_options, stream=False)
               ^^^^^^^^^^^^^^^^^^^^^^^^^^^^^^^^^^^^^^^^^^^^^^^^^^^^^^^
  File "/Users/michaeltiburcio/Hack4Humanity/.venv/lib/python3.12/site-packages/google/genai/_api_client.py", line 1237, in _request
    return self._retry(self._request_once, http_request, stream)  # type: ignore[no-any-return]
           ^^^^^^^^^^^^^^^^^^^^^^^^^^^^^^^^^^^^^^^^^^^^^^^^^^^^^
  File "/Users/michaeltiburcio/Hack4Humanity/.venv/lib/python3.12/site-packages/tenacity/__init__.py", line 470, in __call__
    do = self.iter(retry_state=retry_state)
         ^^^^^^^^^^^^^^^^^^^^^^^^^^^^^^^^^^
  File "/Users/michaeltiburcio/Hack4Humanity/.venv/lib/python3.12/site-packages/tenacity/__init__.py", line 371, in iter
    result = action(retry_state)
             ^^^^^^^^^^^^^^^^^^^
  File "/Users/michaeltiburcio/Hack4Humanity/.venv/lib/python3.12/site-packages/tenacity/__init__.py", line 413, in exc_check
    raise retry_exc.reraise()
          ^^^^^^^^^^^^^^^^^^^
  File "/Users/michaeltiburcio/Hack4Humanity/.venv/lib/python3.12/site-packages/tenacity/__init__.py", line 184, in reraise
    raise self.last_attempt.result()
          ^^^^^^^^^^^^^^^^^^^^^^^^^^
  File "/opt/homebrew/Cellar/python@3.12/3.12.12/Frameworks/Python.framework/Versions/3.12/lib/python3.12/concurrent/futures/_base.py", line 449, in result
    return self.__get_result()
           ^^^^^^^^^^^^^^^^^^^
  File "/opt/homebrew/Cellar/python@3.12/3.12.12/Frameworks/Python.framework/Versions/3.12/lib/python3.12/concurrent/futures/_base.py", line 401, in __get_result
    raise self._exception
  File "/Users/michaeltiburcio/Hack4Humanity/.venv/lib/python3.12/site-packages/tenacity/__init__.py", line 473, in __call__
    result = fn(*args, **kwargs)
             ^^^^^^^^^^^^^^^^^^^
  File "/Users/michaeltiburcio/Hack4Humanity/.venv/lib/python3.12/site-packages/google/genai/_api_client.py", line 1214, in _request_once
    errors.APIError.raise_for_response(response)
  File "/Users/michaeltiburcio/Hack4Humanity/.venv/lib/python3.12/site-packages/google/genai/errors.py", line 134, in raise_for_response
    cls.raise_error(response.status_code, response_json, response)
  File "/Users/michaeltiburcio/Hack4Humanity/.venv/lib/python3.12/site-packages/google/genai/errors.py", line 159, in raise_error
    raise ClientError(status_code, response_json, response)
google.genai.errors.ClientError: 403 PERMISSION_DENIED. {'error': {'code': 403, 'message': 'Your API key was reported as leaked. Please use another API key.', 'status': 'PERMISSION_DENIED'}}
Task exception was never retrieved
future: <Task finished name='Task-5375' coro=<process_frame() done, defined at /Users/michaeltiburcio/Hack4Humanity/server.py:142> exception=ClientError("403 PERMISSION_DENIED. {'error': {'code': 403, 'message': 'Your API key was reported as leaked. Please use another API key.', 'status': 'PERMISSION_DENIED'}}")>
Traceback (most recent call last):
  File "/Users/michaeltiburcio/Hack4Humanity/server.py", line 174, in process_frame
    description = await loop.run_in_executor(
                  ^^^^^^^^^^^^^^^^^^^^^^^^^^^
  File "/opt/homebrew/Cellar/python@3.12/3.12.12/Frameworks/Python.framework/Versions/3.12/lib/python3.12/concurrent/futures/thread.py", line 59, in run
    result = self.fn(*self.args, **self.kwargs)
             ^^^^^^^^^^^^^^^^^^^^^^^^^^^^^^^^^^
  File "/Users/michaeltiburcio/Hack4Humanity/vision.py", line 94, in describe_gemini
    response = client.models.generate_content(
               ^^^^^^^^^^^^^^^^^^^^^^^^^^^^^^^
  File "/Users/michaeltiburcio/Hack4Humanity/.venv/lib/python3.12/site-packages/google/genai/models.py", line 5644, in generate_content
    response = self._generate_content(
               ^^^^^^^^^^^^^^^^^^^^^^^
  File "/Users/michaeltiburcio/Hack4Humanity/.venv/lib/python3.12/site-packages/google/genai/models.py", line 4306, in _generate_content
    response = self._api_client.request(
               ^^^^^^^^^^^^^^^^^^^^^^^^^
  File "/Users/michaeltiburcio/Hack4Humanity/.venv/lib/python3.12/site-packages/google/genai/_api_client.py", line 1401, in request
    response = self._request(http_request, http_options, stream=False)
               ^^^^^^^^^^^^^^^^^^^^^^^^^^^^^^^^^^^^^^^^^^^^^^^^^^^^^^^
  File "/Users/michaeltiburcio/Hack4Humanity/.venv/lib/python3.12/site-packages/google/genai/_api_client.py", line 1237, in _request
    return self._retry(self._request_once, http_request, stream)  # type: ignore[no-any-return]
           ^^^^^^^^^^^^^^^^^^^^^^^^^^^^^^^^^^^^^^^^^^^^^^^^^^^^^
  File "/Users/michaeltiburcio/Hack4Humanity/.venv/lib/python3.12/site-packages/tenacity/__init__.py", line 470, in __call__
    do = self.iter(retry_state=retry_state)
         ^^^^^^^^^^^^^^^^^^^^^^^^^^^^^^^^^^
  File "/Users/michaeltiburcio/Hack4Humanity/.venv/lib/python3.12/site-packages/tenacity/__init__.py", line 371, in iter
    result = action(retry_state)
             ^^^^^^^^^^^^^^^^^^^
  File "/Users/michaeltiburcio/Hack4Humanity/.venv/lib/python3.12/site-packages/tenacity/__init__.py", line 413, in exc_check
    raise retry_exc.reraise()
          ^^^^^^^^^^^^^^^^^^^
  File "/Users/michaeltiburcio/Hack4Humanity/.venv/lib/python3.12/site-packages/tenacity/__init__.py", line 184, in reraise
    raise self.last_attempt.result()
          ^^^^^^^^^^^^^^^^^^^^^^^^^^
  File "/opt/homebrew/Cellar/python@3.12/3.12.12/Frameworks/Python.framework/Versions/3.12/lib/python3.12/concurrent/futures/_base.py", line 449, in result
    return self.__get_result()
           ^^^^^^^^^^^^^^^^^^^
  File "/opt/homebrew/Cellar/python@3.12/3.12.12/Frameworks/Python.framework/Versions/3.12/lib/python3.12/concurrent/futures/_base.py", line 401, in __get_result
    raise self._exception
  File "/Users/michaeltiburcio/Hack4Humanity/.venv/lib/python3.12/site-packages/tenacity/__init__.py", line 473, in __call__
    result = fn(*args, **kwargs)
             ^^^^^^^^^^^^^^^^^^^
  File "/Users/michaeltiburcio/Hack4Humanity/.venv/lib/python3.12/site-packages/google/genai/_api_client.py", line 1214, in _request_once
    errors.APIError.raise_for_response(response)
  File "/Users/michaeltiburcio/Hack4Humanity/.venv/lib/python3.12/site-packages/google/genai/errors.py", line 134, in raise_for_response
    cls.raise_error(response.status_code, response_json, response)
  File "/Users/michaeltiburcio/Hack4Humanity/.venv/lib/python3.12/site-packages/google/genai/errors.py", line 159, in raise_error
    raise ClientError(status_code, response_json, response)
google.genai.errors.ClientError: 403 PERMISSION_DENIED. {'error': {'code': 403, 'message': 'Your API key was reported as leaked. Please use another API key.', 'status': 'PERMISSION_DENIED'}}
Task exception was never retrieved
future: <Task finished name='Task-5399' coro=<process_frame() done, defined at /Users/michaeltiburcio/Hack4Humanity/server.py:142> exception=ClientError("403 PERMISSION_DENIED. {'error': {'code': 403, 'message': 'Your API key was reported as leaked. Please use another API key.', 'status': 'PERMISSION_DENIED'}}")>
Traceback (most recent call last):
  File "/Users/michaeltiburcio/Hack4Humanity/server.py", line 174, in process_frame
    description = await loop.run_in_executor(
                  ^^^^^^^^^^^^^^^^^^^^^^^^^^^
  File "/opt/homebrew/Cellar/python@3.12/3.12.12/Frameworks/Python.framework/Versions/3.12/lib/python3.12/concurrent/futures/thread.py", line 59, in run
    result = self.fn(*self.args, **self.kwargs)
             ^^^^^^^^^^^^^^^^^^^^^^^^^^^^^^^^^^
  File "/Users/michaeltiburcio/Hack4Humanity/vision.py", line 94, in describe_gemini
    response = client.models.generate_content(
               ^^^^^^^^^^^^^^^^^^^^^^^^^^^^^^^
  File "/Users/michaeltiburcio/Hack4Humanity/.venv/lib/python3.12/site-packages/google/genai/models.py", line 5644, in generate_content
    response = self._generate_content(
               ^^^^^^^^^^^^^^^^^^^^^^^
  File "/Users/michaeltiburcio/Hack4Humanity/.venv/lib/python3.12/site-packages/google/genai/models.py", line 4306, in _generate_content
    response = self._api_client.request(
               ^^^^^^^^^^^^^^^^^^^^^^^^^
  File "/Users/michaeltiburcio/Hack4Humanity/.venv/lib/python3.12/site-packages/google/genai/_api_client.py", line 1401, in request
    response = self._request(http_request, http_options, stream=False)
               ^^^^^^^^^^^^^^^^^^^^^^^^^^^^^^^^^^^^^^^^^^^^^^^^^^^^^^^
  File "/Users/michaeltiburcio/Hack4Humanity/.venv/lib/python3.12/site-packages/google/genai/_api_client.py", line 1237, in _request
    return self._retry(self._request_once, http_request, stream)  # type: ignore[no-any-return]
           ^^^^^^^^^^^^^^^^^^^^^^^^^^^^^^^^^^^^^^^^^^^^^^^^^^^^^
  File "/Users/michaeltiburcio/Hack4Humanity/.venv/lib/python3.12/site-packages/tenacity/__init__.py", line 470, in __call__
    do = self.iter(retry_state=retry_state)
         ^^^^^^^^^^^^^^^^^^^^^^^^^^^^^^^^^^
  File "/Users/michaeltiburcio/Hack4Humanity/.venv/lib/python3.12/site-packages/tenacity/__init__.py", line 371, in iter
    result = action(retry_state)
             ^^^^^^^^^^^^^^^^^^^
  File "/Users/michaeltiburcio/Hack4Humanity/.venv/lib/python3.12/site-packages/tenacity/__init__.py", line 413, in exc_check
    raise retry_exc.reraise()
          ^^^^^^^^^^^^^^^^^^^
  File "/Users/michaeltiburcio/Hack4Humanity/.venv/lib/python3.12/site-packages/tenacity/__init__.py", line 184, in reraise
    raise self.last_attempt.result()
          ^^^^^^^^^^^^^^^^^^^^^^^^^^
  File "/opt/homebrew/Cellar/python@3.12/3.12.12/Frameworks/Python.framework/Versions/3.12/lib/python3.12/concurrent/futures/_base.py", line 449, in result
    return self.__get_result()
           ^^^^^^^^^^^^^^^^^^^
  File "/opt/homebrew/Cellar/python@3.12/3.12.12/Frameworks/Python.framework/Versions/3.12/lib/python3.12/concurrent/futures/_base.py", line 401, in __get_result
    raise self._exception
  File "/Users/michaeltiburcio/Hack4Humanity/.venv/lib/python3.12/site-packages/tenacity/__init__.py", line 473, in __call__
    result = fn(*args, **kwargs)
             ^^^^^^^^^^^^^^^^^^^
  File "/Users/michaeltiburcio/Hack4Humanity/.venv/lib/python3.12/site-packages/google/genai/_api_client.py", line 1214, in _request_once
    errors.APIError.raise_for_response(response)
  File "/Users/michaeltiburcio/Hack4Humanity/.venv/lib/python3.12/site-packages/google/genai/errors.py", line 134, in raise_for_response
    cls.raise_error(response.status_code, response_json, response)
  File "/Users/michaeltiburcio/Hack4Humanity/.venv/lib/python3.12/site-packages/google/genai/errors.py", line 159, in raise_error
    raise ClientError(status_code, response_json, response)
google.genai.errors.ClientError: 403 PERMISSION_DENIED. {'error': {'code': 403, 'message': 'Your API key was reported as leaked. Please use another API key.', 'status': 'PERMISSION_DENIED'}}
Task exception was never retrieved
future: <Task finished name='Task-5404' coro=<process_frame() done, defined at /Users/michaeltiburcio/Hack4Humanity/server.py:142> exception=ClientError("403 PERMISSION_DENIED. {'error': {'code': 403, 'message': 'Your API key was reported as leaked. Please use another API key.', 'status': 'PERMISSION_DENIED'}}")>
Traceback (most recent call last):
  File "/Users/michaeltiburcio/Hack4Humanity/server.py", line 174, in process_frame
    description = await loop.run_in_executor(
                  ^^^^^^^^^^^^^^^^^^^^^^^^^^^
  File "/opt/homebrew/Cellar/python@3.12/3.12.12/Frameworks/Python.framework/Versions/3.12/lib/python3.12/concurrent/futures/thread.py", line 59, in run
    result = self.fn(*self.args, **self.kwargs)
             ^^^^^^^^^^^^^^^^^^^^^^^^^^^^^^^^^^
  File "/Users/michaeltiburcio/Hack4Humanity/vision.py", line 94, in describe_gemini
    response = client.models.generate_content(
               ^^^^^^^^^^^^^^^^^^^^^^^^^^^^^^^
  File "/Users/michaeltiburcio/Hack4Humanity/.venv/lib/python3.12/site-packages/google/genai/models.py", line 5644, in generate_content
    response = self._generate_content(
               ^^^^^^^^^^^^^^^^^^^^^^^
  File "/Users/michaeltiburcio/Hack4Humanity/.venv/lib/python3.12/site-packages/google/genai/models.py", line 4306, in _generate_content
    response = self._api_client.request(
               ^^^^^^^^^^^^^^^^^^^^^^^^^
  File "/Users/michaeltiburcio/Hack4Humanity/.venv/lib/python3.12/site-packages/google/genai/_api_client.py", line 1401, in request
    response = self._request(http_request, http_options, stream=False)
               ^^^^^^^^^^^^^^^^^^^^^^^^^^^^^^^^^^^^^^^^^^^^^^^^^^^^^^^
  File "/Users/michaeltiburcio/Hack4Humanity/.venv/lib/python3.12/site-packages/google/genai/_api_client.py", line 1237, in _request
    return self._retry(self._request_once, http_request, stream)  # type: ignore[no-any-return]
           ^^^^^^^^^^^^^^^^^^^^^^^^^^^^^^^^^^^^^^^^^^^^^^^^^^^^^
  File "/Users/michaeltiburcio/Hack4Humanity/.venv/lib/python3.12/site-packages/tenacity/__init__.py", line 470, in __call__
    do = self.iter(retry_state=retry_state)
         ^^^^^^^^^^^^^^^^^^^^^^^^^^^^^^^^^^
  File "/Users/michaeltiburcio/Hack4Humanity/.venv/lib/python3.12/site-packages/tenacity/__init__.py", line 371, in iter
    result = action(retry_state)
             ^^^^^^^^^^^^^^^^^^^
  File "/Users/michaeltiburcio/Hack4Humanity/.venv/lib/python3.12/site-packages/tenacity/__init__.py", line 413, in exc_check
    raise retry_exc.reraise()
          ^^^^^^^^^^^^^^^^^^^
  File "/Users/michaeltiburcio/Hack4Humanity/.venv/lib/python3.12/site-packages/tenacity/__init__.py", line 184, in reraise
    raise self.last_attempt.result()
          ^^^^^^^^^^^^^^^^^^^^^^^^^^
  File "/opt/homebrew/Cellar/python@3.12/3.12.12/Frameworks/Python.framework/Versions/3.12/lib/python3.12/concurrent/futures/_base.py", line 449, in result
    return self.__get_result()
           ^^^^^^^^^^^^^^^^^^^
  File "/opt/homebrew/Cellar/python@3.12/3.12.12/Frameworks/Python.framework/Versions/3.12/lib/python3.12/concurrent/futures/_base.py", line 401, in __get_result
    raise self._exception
  File "/Users/michaeltiburcio/Hack4Humanity/.venv/lib/python3.12/site-packages/tenacity/__init__.py", line 473, in __call__
    result = fn(*args, **kwargs)
             ^^^^^^^^^^^^^^^^^^^
  File "/Users/michaeltiburcio/Hack4Humanity/.venv/lib/python3.12/site-packages/google/genai/_api_client.py", line 1214, in _request_once
    errors.APIError.raise_for_response(response)
  File "/Users/michaeltiburcio/Hack4Humanity/.venv/lib/python3.12/site-packages/google/genai/errors.py", line 134, in raise_for_response
    cls.raise_error(response.status_code, response_json, response)
  File "/Users/michaeltiburcio/Hack4Humanity/.venv/lib/python3.12/site-packages/google/genai/errors.py", line 159, in raise_error
    raise ClientError(status_code, response_json, response)
google.genai.errors.ClientError: 403 PERMISSION_DENIED. {'error': {'code': 403, 'message': 'Your API key was reported as leaked. Please use another API key.', 'status': 'PERMISSION_DENIED'}}
Task exception was never retrieved
future: <Task finished name='Task-5408' coro=<process_frame() done, defined at /Users/michaeltiburcio/Hack4Humanity/server.py:142> exception=ClientError("400 INVALID_ARGUMENT. {'error': {'code': 400, 'message': 'API Key not found. Please pass a valid API key.', 'status': 'INVALID_ARGUMENT', 'details': [{'@type': 'type.googleapis.com/google.rpc.ErrorInfo', 'reason': 'API_KEY_INVALID', 'domain': 'googleapis.com', 'metadata': {'service': 'generativelanguage.googleapis.com'}}, {'@type': 'type.googleapis.com/google.rpc.LocalizedMessage', 'locale': 'en-US', 'message': 'API Key not found. Please pass a valid API key.'}]}}")>
Traceback (most recent call last):
  File "/Users/michaeltiburcio/Hack4Humanity/server.py", line 174, in process_frame
    description = await loop.run_in_executor(
                  ^^^^^^^^^^^^^^^^^^^^^^^^^^^
  File "/opt/homebrew/Cellar/python@3.12/3.12.12/Frameworks/Python.framework/Versions/3.12/lib/python3.12/concurrent/futures/thread.py", line 59, in run
    result = self.fn(*self.args, **self.kwargs)
             ^^^^^^^^^^^^^^^^^^^^^^^^^^^^^^^^^^
  File "/Users/michaeltiburcio/Hack4Humanity/vision.py", line 94, in describe_gemini
    response = client.models.generate_content(
               ^^^^^^^^^^^^^^^^^^^^^^^^^^^^^^^
  File "/Users/michaeltiburcio/Hack4Humanity/.venv/lib/python3.12/site-packages/google/genai/models.py", line 5644, in generate_content
    response = self._generate_content(
               ^^^^^^^^^^^^^^^^^^^^^^^
  File "/Users/michaeltiburcio/Hack4Humanity/.venv/lib/python3.12/site-packages/google/genai/models.py", line 4306, in _generate_content
    response = self._api_client.request(
               ^^^^^^^^^^^^^^^^^^^^^^^^^
  File "/Users/michaeltiburcio/Hack4Humanity/.venv/lib/python3.12/site-packages/google/genai/_api_client.py", line 1401, in request
    response = self._request(http_request, http_options, stream=False)
               ^^^^^^^^^^^^^^^^^^^^^^^^^^^^^^^^^^^^^^^^^^^^^^^^^^^^^^^
  File "/Users/michaeltiburcio/Hack4Humanity/.venv/lib/python3.12/site-packages/google/genai/_api_client.py", line 1237, in _request
    return self._retry(self._request_once, http_request, stream)  # type: ignore[no-any-return]
           ^^^^^^^^^^^^^^^^^^^^^^^^^^^^^^^^^^^^^^^^^^^^^^^^^^^^^
  File "/Users/michaeltiburcio/Hack4Humanity/.venv/lib/python3.12/site-packages/tenacity/__init__.py", line 470, in __call__
    do = self.iter(retry_state=retry_state)
         ^^^^^^^^^^^^^^^^^^^^^^^^^^^^^^^^^^
  File "/Users/michaeltiburcio/Hack4Humanity/.venv/lib/python3.12/site-packages/tenacity/__init__.py", line 371, in iter
    result = action(retry_state)
             ^^^^^^^^^^^^^^^^^^^
  File "/Users/michaeltiburcio/Hack4Humanity/.venv/lib/python3.12/site-packages/tenacity/__init__.py", line 413, in exc_check
    raise retry_exc.reraise()
          ^^^^^^^^^^^^^^^^^^^
  File "/Users/michaeltiburcio/Hack4Humanity/.venv/lib/python3.12/site-packages/tenacity/__init__.py", line 184, in reraise
    raise self.last_attempt.result()
          ^^^^^^^^^^^^^^^^^^^^^^^^^^
  File "/opt/homebrew/Cellar/python@3.12/3.12.12/Frameworks/Python.framework/Versions/3.12/lib/python3.12/concurrent/futures/_base.py", line 449, in result
    return self.__get_result()
           ^^^^^^^^^^^^^^^^^^^
  File "/opt/homebrew/Cellar/python@3.12/3.12.12/Frameworks/Python.framework/Versions/3.12/lib/python3.12/concurrent/futures/_base.py", line 401, in __get_result
    raise self._exception
  File "/Users/michaeltiburcio/Hack4Humanity/.venv/lib/python3.12/site-packages/tenacity/__init__.py", line 473, in __call__
    result = fn(*args, **kwargs)
             ^^^^^^^^^^^^^^^^^^^
  File "/Users/michaeltiburcio/Hack4Humanity/.venv/lib/python3.12/site-packages/google/genai/_api_client.py", line 1214, in _request_once
    errors.APIError.raise_for_response(response)
  File "/Users/michaeltiburcio/Hack4Humanity/.venv/lib/python3.12/site-packages/google/genai/errors.py", line 134, in raise_for_response
    cls.raise_error(response.status_code, response_json, response)
  File "/Users/michaeltiburcio/Hack4Humanity/.venv/lib/python3.12/site-packages/google/genai/errors.py", line 159, in raise_error
    raise ClientError(status_code, response_json, response)
google.genai.errors.ClientError: 400 INVALID_ARGUMENT. {'error': {'code': 400, 'message': 'API Key not found. Please pass a valid API key.', 'status': 'INVALID_ARGUMENT', 'details': [{'@type': 'type.googleapis.com/google.rpc.ErrorInfo', 'reason': 'API_KEY_INVALID', 'domain': 'googleapis.com', 'metadata': {'service': 'generativelanguage.googleapis.com'}}, {'@type': 'type.googleapis.com/google.rpc.LocalizedMessage', 'locale': 'en-US', 'message': 'API Key not found. Please pass a valid API key.'}]}}
Task exception was never retrieved
future: <Task finished name='Task-5426' coro=<process_frame() done, defined at /Users/michaeltiburcio/Hack4Humanity/server.py:142> exception=ClientError("400 INVALID_ARGUMENT. {'error': {'code': 400, 'message': 'API Key not found. Please pass a valid API key.', 'status': 'INVALID_ARGUMENT', 'details': [{'@type': 'type.googleapis.com/google.rpc.ErrorInfo', 'reason': 'API_KEY_INVALID', 'domain': 'googleapis.com', 'metadata': {'service': 'generativelanguage.googleapis.com'}}, {'@type': 'type.googleapis.com/google.rpc.LocalizedMessage', 'locale': 'en-US', 'message': 'API Key not found. Please pass a valid API key.'}]}}")>
Traceback (most recent call last):
  File "/Users/michaeltiburcio/Hack4Humanity/server.py", line 174, in process_frame
    description = await loop.run_in_executor(
                  ^^^^^^^^^^^^^^^^^^^^^^^^^^^
  File "/opt/homebrew/Cellar/python@3.12/3.12.12/Frameworks/Python.framework/Versions/3.12/lib/python3.12/concurrent/futures/thread.py", line 59, in run
    result = self.fn(*self.args, **self.kwargs)
             ^^^^^^^^^^^^^^^^^^^^^^^^^^^^^^^^^^
  File "/Users/michaeltiburcio/Hack4Humanity/vision.py", line 94, in describe_gemini
    response = client.models.generate_content(
               ^^^^^^^^^^^^^^^^^^^^^^^^^^^^^^^
  File "/Users/michaeltiburcio/Hack4Humanity/.venv/lib/python3.12/site-packages/google/genai/models.py", line 5644, in generate_content
    response = self._generate_content(
               ^^^^^^^^^^^^^^^^^^^^^^^
  File "/Users/michaeltiburcio/Hack4Humanity/.venv/lib/python3.12/site-packages/google/genai/models.py", line 4306, in _generate_content
    response = self._api_client.request(
               ^^^^^^^^^^^^^^^^^^^^^^^^^
  File "/Users/michaeltiburcio/Hack4Humanity/.venv/lib/python3.12/site-packages/google/genai/_api_client.py", line 1401, in request
    response = self._request(http_request, http_options, stream=False)
               ^^^^^^^^^^^^^^^^^^^^^^^^^^^^^^^^^^^^^^^^^^^^^^^^^^^^^^^
  File "/Users/michaeltiburcio/Hack4Humanity/.venv/lib/python3.12/site-packages/google/genai/_api_client.py", line 1237, in _request
    return self._retry(self._request_once, http_request, stream)  # type: ignore[no-any-return]
           ^^^^^^^^^^^^^^^^^^^^^^^^^^^^^^^^^^^^^^^^^^^^^^^^^^^^^
  File "/Users/michaeltiburcio/Hack4Humanity/.venv/lib/python3.12/site-packages/tenacity/__init__.py", line 470, in __call__
    do = self.iter(retry_state=retry_state)
         ^^^^^^^^^^^^^^^^^^^^^^^^^^^^^^^^^^
  File "/Users/michaeltiburcio/Hack4Humanity/.venv/lib/python3.12/site-packages/tenacity/__init__.py", line 371, in iter
    result = action(retry_state)
             ^^^^^^^^^^^^^^^^^^^
  File "/Users/michaeltiburcio/Hack4Humanity/.venv/lib/python3.12/site-packages/tenacity/__init__.py", line 413, in exc_check
    raise retry_exc.reraise()
          ^^^^^^^^^^^^^^^^^^^
  File "/Users/michaeltiburcio/Hack4Humanity/.venv/lib/python3.12/site-packages/tenacity/__init__.py", line 184, in reraise
    raise self.last_attempt.result()
          ^^^^^^^^^^^^^^^^^^^^^^^^^^
  File "/opt/homebrew/Cellar/python@3.12/3.12.12/Frameworks/Python.framework/Versions/3.12/lib/python3.12/concurrent/futures/_base.py", line 449, in result
    return self.__get_result()
           ^^^^^^^^^^^^^^^^^^^
  File "/opt/homebrew/Cellar/python@3.12/3.12.12/Frameworks/Python.framework/Versions/3.12/lib/python3.12/concurrent/futures/_base.py", line 401, in __get_result
    raise self._exception
  File "/Users/michaeltiburcio/Hack4Humanity/.venv/lib/python3.12/site-packages/tenacity/__init__.py", line 473, in __call__
    result = fn(*args, **kwargs)
             ^^^^^^^^^^^^^^^^^^^
  File "/Users/michaeltiburcio/Hack4Humanity/.venv/lib/python3.12/site-packages/google/genai/_api_client.py", line 1214, in _request_once
    errors.APIError.raise_for_response(response)
  File "/Users/michaeltiburcio/Hack4Humanity/.venv/lib/python3.12/site-packages/google/genai/errors.py", line 134, in raise_for_response
    cls.raise_error(response.status_code, response_json, response)
  File "/Users/michaeltiburcio/Hack4Humanity/.venv/lib/python3.12/site-packages/google/genai/errors.py", line 159, in raise_error
    raise ClientError(status_code, response_json, response)
google.genai.errors.ClientError: 400 INVALID_ARGUMENT. {'error': {'code': 400, 'message': 'API Key not found. Please pass a valid API key.', 'status': 'INVALID_ARGUMENT', 'details': [{'@type': 'type.googleapis.com/google.rpc.ErrorInfo', 'reason': 'API_KEY_INVALID', 'domain': 'googleapis.com', 'metadata': {'service': 'generativelanguage.googleapis.com'}}, {'@type': 'type.googleapis.com/google.rpc.LocalizedMessage', 'locale': 'en-US', 'message': 'API Key not found. Please pass a valid API key.'}]}}
Task exception was never retrieved
future: <Task finished name='Task-5437' coro=<process_frame() done, defined at /Users/michaeltiburcio/Hack4Humanity/server.py:142> exception=ClientError("400 INVALID_ARGUMENT. {'error': {'code': 400, 'message': 'API Key not found. Please pass a valid API key.', 'status': 'INVALID_ARGUMENT', 'details': [{'@type': 'type.googleapis.com/google.rpc.ErrorInfo', 'reason': 'API_KEY_INVALID', 'domain': 'googleapis.com', 'metadata': {'service': 'generativelanguage.googleapis.com'}}, {'@type': 'type.googleapis.com/google.rpc.LocalizedMessage', 'locale': 'en-US', 'message': 'API Key not found. Please pass a valid API key.'}]}}")>
Traceback (most recent call last):
  File "/Users/michaeltiburcio/Hack4Humanity/server.py", line 174, in process_frame
    description = await loop.run_in_executor(
                  ^^^^^^^^^^^^^^^^^^^^^^^^^^^
  File "/opt/homebrew/Cellar/python@3.12/3.12.12/Frameworks/Python.framework/Versions/3.12/lib/python3.12/concurrent/futures/thread.py", line 59, in run
    result = self.fn(*self.args, **self.kwargs)
             ^^^^^^^^^^^^^^^^^^^^^^^^^^^^^^^^^^
  File "/Users/michaeltiburcio/Hack4Humanity/vision.py", line 94, in describe_gemini
    response = client.models.generate_content(
               ^^^^^^^^^^^^^^^^^^^^^^^^^^^^^^^
  File "/Users/michaeltiburcio/Hack4Humanity/.venv/lib/python3.12/site-packages/google/genai/models.py", line 5644, in generate_content
    response = self._generate_content(
               ^^^^^^^^^^^^^^^^^^^^^^^
  File "/Users/michaeltiburcio/Hack4Humanity/.venv/lib/python3.12/site-packages/google/genai/models.py", line 4306, in _generate_content
    response = self._api_client.request(
               ^^^^^^^^^^^^^^^^^^^^^^^^^
  File "/Users/michaeltiburcio/Hack4Humanity/.venv/lib/python3.12/site-packages/google/genai/_api_client.py", line 1401, in request
    response = self._request(http_request, http_options, stream=False)
               ^^^^^^^^^^^^^^^^^^^^^^^^^^^^^^^^^^^^^^^^^^^^^^^^^^^^^^^
  File "/Users/michaeltiburcio/Hack4Humanity/.venv/lib/python3.12/site-packages/google/genai/_api_client.py", line 1237, in _request
    return self._retry(self._request_once, http_request, stream)  # type: ignore[no-any-return]
           ^^^^^^^^^^^^^^^^^^^^^^^^^^^^^^^^^^^^^^^^^^^^^^^^^^^^^
  File "/Users/michaeltiburcio/Hack4Humanity/.venv/lib/python3.12/site-packages/tenacity/__init__.py", line 470, in __call__
    do = self.iter(retry_state=retry_state)
         ^^^^^^^^^^^^^^^^^^^^^^^^^^^^^^^^^^
  File "/Users/michaeltiburcio/Hack4Humanity/.venv/lib/python3.12/site-packages/tenacity/__init__.py", line 371, in iter
    result = action(retry_state)
             ^^^^^^^^^^^^^^^^^^^
  File "/Users/michaeltiburcio/Hack4Humanity/.venv/lib/python3.12/site-packages/tenacity/__init__.py", line 413, in exc_check
    raise retry_exc.reraise()
          ^^^^^^^^^^^^^^^^^^^
  File "/Users/michaeltiburcio/Hack4Humanity/.venv/lib/python3.12/site-packages/tenacity/__init__.py", line 184, in reraise
    raise self.last_attempt.result()
          ^^^^^^^^^^^^^^^^^^^^^^^^^^
  File "/opt/homebrew/Cellar/python@3.12/3.12.12/Frameworks/Python.framework/Versions/3.12/lib/python3.12/concurrent/futures/_base.py", line 449, in result
    return self.__get_result()
           ^^^^^^^^^^^^^^^^^^^
  File "/opt/homebrew/Cellar/python@3.12/3.12.12/Frameworks/Python.framework/Versions/3.12/lib/python3.12/concurrent/futures/_base.py", line 401, in __get_result
    raise self._exception
  File "/Users/michaeltiburcio/Hack4Humanity/.venv/lib/python3.12/site-packages/tenacity/__init__.py", line 473, in __call__
    result = fn(*args, **kwargs)
             ^^^^^^^^^^^^^^^^^^^
  File "/Users/michaeltiburcio/Hack4Humanity/.venv/lib/python3.12/site-packages/google/genai/_api_client.py", line 1214, in _request_once
    errors.APIError.raise_for_response(response)
  File "/Users/michaeltiburcio/Hack4Humanity/.venv/lib/python3.12/site-packages/google/genai/errors.py", line 134, in raise_for_response
    cls.raise_error(response.status_code, response_json, response)
  File "/Users/michaeltiburcio/Hack4Humanity/.venv/lib/python3.12/site-packages/google/genai/errors.py", line 159, in raise_error
    raise ClientError(status_code, response_json, response)
google.genai.errors.ClientError: 400 INVALID_ARGUMENT. {'error': {'code': 400, 'message': 'API Key not found. Please pass a valid API key.', 'status': 'INVALID_ARGUMENT', 'details': [{'@type': 'type.googleapis.com/google.rpc.ErrorInfo', 'reason': 'API_KEY_INVALID', 'domain': 'googleapis.com', 'metadata': {'service': 'generativelanguage.googleapis.com'}}, {'@type': 'type.googleapis.com/google.rpc.LocalizedMessage', 'locale': 'en-US', 'message': 'API Key not found. Please pass a valid API key.'}]}}
